c:\users\a2.bruy\source\repos\oop\lab3\debug\vc142.pdb
c:\users\a2.bruy\source\repos\oop\lab3\debug\vc142.idb
c:\users\a2.bruy\source\repos\oop\lab3\debug\toy.obj
c:\users\a2.bruy\source\repos\oop\lab3\debug\lab3.obj
c:\users\a2.bruy\source\repos\oop\lab3\debug\getnewfromconsole.obj
c:\users\a2.bruy\source\repos\oop\lab3\debug\writeall.obj
c:\users\a2.bruy\source\repos\oop\lab3\debug\getall.obj
c:\users\a2.bruy\source\repos\oop\debug\lab3.exe
c:\users\a2.bruy\source\repos\oop\debug\lab3.ilk
c:\users\a2.bruy\source\repos\oop\debug\lab3.pdb
c:\users\a2.bruy\source\repos\oop\lab3\debug\lab3.res
c:\users\a2.bruy\source\repos\oop\lab3\debug\lab3.tlog\cl.command.1.tlog
c:\users\a2.bruy\source\repos\oop\lab3\debug\lab3.tlog\cl.read.1.tlog
c:\users\a2.bruy\source\repos\oop\lab3\debug\lab3.tlog\cl.write.1.tlog
c:\users\a2.bruy\source\repos\oop\lab3\debug\lab3.tlog\link.command.1.tlog
c:\users\a2.bruy\source\repos\oop\lab3\debug\lab3.tlog\link.read.1.tlog
c:\users\a2.bruy\source\repos\oop\lab3\debug\lab3.tlog\link.write.1.tlog
c:\users\a2.bruy\source\repos\oop\lab3\debug\lab3.tlog\rc.command.1.tlog
c:\users\a2.bruy\source\repos\oop\lab3\debug\lab3.tlog\rc.read.1.tlog
c:\users\a2.bruy\source\repos\oop\lab3\debug\lab3.tlog\rc.write.1.tlog
