c:\users\a2.bruy\source\repos\oop\lab4\debug\vc142.pdb
c:\users\a2.bruy\source\repos\oop\lab4\debug\vc142.idb
c:\users\a2.bruy\source\repos\oop\lab4\debug\toy.obj
c:\users\a2.bruy\source\repos\oop\lab4\debug\filemanager.obj
c:\users\a2.bruy\source\repos\oop\lab4\debug\lab4.obj
c:\users\a2.bruy\source\repos\oop\debug\lab4.pdb
c:\users\a2.bruy\source\repos\oop\lab4\debug\lab4.tlog\cl.command.1.tlog
c:\users\a2.bruy\source\repos\oop\lab4\debug\lab4.tlog\cl.read.1.tlog
c:\users\a2.bruy\source\repos\oop\lab4\debug\lab4.tlog\cl.write.1.tlog
c:\users\a2.bruy\source\repos\oop\lab4\debug\lab4.tlog\link-cvtres.read.1.tlog
c:\users\a2.bruy\source\repos\oop\lab4\debug\lab4.tlog\link-cvtres.write.1.tlog
c:\users\a2.bruy\source\repos\oop\lab4\debug\lab4.tlog\link-rc.read.1.tlog
c:\users\a2.bruy\source\repos\oop\lab4\debug\lab4.tlog\link-rc.write.1.tlog
c:\users\a2.bruy\source\repos\oop\lab4\debug\lab4.tlog\link.12392-cvtres.read.1.tlog
c:\users\a2.bruy\source\repos\oop\lab4\debug\lab4.tlog\link.12392-cvtres.write.1.tlog
c:\users\a2.bruy\source\repos\oop\lab4\debug\lab4.tlog\link.12392-rc.read.1.tlog
c:\users\a2.bruy\source\repos\oop\lab4\debug\lab4.tlog\link.12392-rc.write.1.tlog
c:\users\a2.bruy\source\repos\oop\lab4\debug\lab4.tlog\link.12392.read.1.tlog
c:\users\a2.bruy\source\repos\oop\lab4\debug\lab4.tlog\link.12392.write.1.tlog
c:\users\a2.bruy\source\repos\oop\lab4\debug\lab4.tlog\link.command.1.tlog
c:\users\a2.bruy\source\repos\oop\lab4\debug\lab4.tlog\link.read.1.tlog
c:\users\a2.bruy\source\repos\oop\lab4\debug\lab4.tlog\link.write.1.tlog
